<?xml version="1.0" encoding="UTF-8"?><rss version="2.0"
	xmlns:content="http://purl.org/rss/1.0/modules/content/"
	xmlns:wfw="http://wellformedweb.org/CommentAPI/"
	xmlns:dc="http://purl.org/dc/elements/1.1/"
	xmlns:atom="http://www.w3.org/2005/Atom"
	xmlns:sy="http://purl.org/rss/1.0/modules/syndication/"
	xmlns:slash="http://purl.org/rss/1.0/modules/slash/"
	xmlns:georss="http://www.georss.org/georss" xmlns:geo="http://www.w3.org/2003/01/geo/wgs84_pos#" xmlns:media="http://search.yahoo.com/mrss/"
	>

<channel>
	<title>Chicago Bus Rentals,  Bus Rentals in Chicago</title>
	<atom:link href="https://busrentalinchicago.wordpress.com/feed/" rel="self" type="application/rss+xml" />
	<link>https://busrentalinchicago.wordpress.com</link>
	<description>Chicago Bus Rentals is the right destination for bus rentals in Chicago. We have provided Bus Rental Chicago for anything from corporate events, proms, weddings.</description>
	<lastBuildDate>Wed, 07 Nov 2012 04:53:47 +0000</lastBuildDate>
	<language>en</language>
	<sy:updatePeriod>
	hourly	</sy:updatePeriod>
	<sy:updateFrequency>
	1	</sy:updateFrequency>
	<generator>http://wordpress.com/</generator>
<cloud domain='busrentalinchicago.wordpress.com' port='80' path='/?rsscloud=notify' registerProcedure='' protocol='http-post' />
<image>
		<url>https://s0.wp.com/i/buttonw-com.png</url>
		<title>Chicago Bus Rentals,  Bus Rentals in Chicago</title>
		<link>https://busrentalinchicago.wordpress.com</link>
	</image>
	<atom:link rel="search" type="application/opensearchdescription+xml" href="https://busrentalinchicago.wordpress.com/osd.xml" title="Chicago Bus Rentals,  Bus Rentals in Chicago" />
	<atom:link rel='hub' href='https://busrentalinchicago.wordpress.com/?pushpress=hub'/>
	<item>
		<title>Save Thousands of Dollars on Transportation Costs with Chicago Bus Rentals</title>
		<link>https://busrentalinchicago.wordpress.com/2012/11/07/save-thousands-of-dollars-on-transportation-costs-with-chicago-bus-rentals/</link>
					<comments>https://busrentalinchicago.wordpress.com/2012/11/07/save-thousands-of-dollars-on-transportation-costs-with-chicago-bus-rentals/#respond</comments>
		
		<dc:creator><![CDATA[busrentalinchicago]]></dc:creator>
		<pubDate>Wed, 07 Nov 2012 04:53:47 +0000</pubDate>
				<category><![CDATA[Car Rentals]]></category>
		<category><![CDATA[Bus Rental Chicago]]></category>
		<category><![CDATA[Bus Rentals in Chicago]]></category>
		<category><![CDATA[Chicago Bus Rentals]]></category>
		<guid isPermaLink="false">http://busrentalinchicago.wordpress.com/?p=103</guid>

					<description><![CDATA[Bus rental services are considered as the most viable and affordable options for group traveling. There are a number of rental service providers in Chicago. You can easily locate them and find best deals for you. Chicago Bus Rentals is a leading bus charter company dedicated to providing the most efficient services. The company has &#8230; &#8230; <a href="https://busrentalinchicago.wordpress.com/2012/11/07/save-thousands-of-dollars-on-transportation-costs-with-chicago-bus-rentals/">Continue reading <span class="meta-nav">&#8594;</span></a>]]></description>
										<content:encoded><![CDATA[<p>Bus rental services are considered as the most viable and affordable options for group traveling. There are a number of rental service providers in Chicago. You can easily locate them and find best deals for you. Chicago Bus Rentals is a leading bus charter company dedicated to providing the most efficient services. The company has earned a respectable name in the industry for offering trustworthy and quality services for individuals as well as companies. Their extensive years of experience and professionalism have equipped them with all details about different destinations of the state.</p>
<p>The drivers employed by the company have adequate knowledge of different routes. They guide you in a way to sightsee the best places. They also have knowledge about the best dining places, shopping malls, parks and several other renowned places. They provide you with everything to make your travel journey a comfortable one. The professionals take care of every little detail all through. You may rent a bus for any outing such as family gathering, school excursion or sports meet. Bus rentals are always the best choice for any traveling need. The professionals working at <b><a href="http://www.chicagobusrentals.net/">Chicago Bus Rentals</a> </b>are equipped with all the knowledge to make sure that you have a smooth ride. They are extremely cordial and help you throughout the journey. They take care of all your requirements during the journey. With their services, you are sure to experience a safe and hassle-free journey without worrying about the budget.</p>
<p>The customer care executives guide you throughout the process since you first call them. They are very polite and friendly and help you with every small and big need. The company has a clean track record of happy and satisfied customers. You will not have to worry about the safety issues when you hire the services of reputable providers. They are committed to providing quality services to all clients. The vehicles come with complete comforts and amenities and ensure that guests enjoy enjoyable and safe journeys. Check out the complete details about the services offered, by browsing through <b><a href="http://www.chicagobusrentals.net">www.chicagobusrentals.net</a></b></p>
]]></content:encoded>
					
					<wfw:commentRss>https://busrentalinchicago.wordpress.com/2012/11/07/save-thousands-of-dollars-on-transportation-costs-with-chicago-bus-rentals/feed/</wfw:commentRss>
			<slash:comments>0</slash:comments>
		
		
		
		<media:content url="https://0.gravatar.com/avatar/0b612bd4bb3558192ebaf303973a3d04?s=96&#38;d=identicon&#38;r=G" medium="image">
			<media:title type="html">busrentalinchicago</media:title>
		</media:content>
	</item>
		<item>
		<title>Get Best Bus Rentals Services at ChicagoBusRentals.net</title>
		<link>https://busrentalinchicago.wordpress.com/2012/11/05/get-best-bus-rentals-services-at-chicagobusrentals-net/</link>
					<comments>https://busrentalinchicago.wordpress.com/2012/11/05/get-best-bus-rentals-services-at-chicagobusrentals-net/#respond</comments>
		
		<dc:creator><![CDATA[busrentalinchicago]]></dc:creator>
		<pubDate>Mon, 05 Nov 2012 10:24:32 +0000</pubDate>
				<category><![CDATA[Car Rentals]]></category>
		<category><![CDATA[Bus Rental Chicago Suburbs]]></category>
		<guid isPermaLink="false">http://busrentalinchicago.wordpress.com/?p=100</guid>

					<description><![CDATA[Bus rental Chicago Suburbs is an ideal mode of transportation for executive as well as business travels. The companies offer amazing pick and drop facilities to and from the destination. The bus rental services can be utilized for virtually all purposes such as meetings, weddings, night outs, birthday parties, tailgating parties, business trips, and various &#8230; &#8230; <a href="https://busrentalinchicago.wordpress.com/2012/11/05/get-best-bus-rentals-services-at-chicagobusrentals-net/">Continue reading <span class="meta-nav">&#8594;</span></a>]]></description>
										<content:encoded><![CDATA[<p>Bus rental Chicago Suburbs is an ideal mode of transportation for executive as well as business travels. The companies offer amazing pick and drop facilities to and from the destination. The bus rental services can be utilized for virtually all purposes such as meetings, weddings, night outs, birthday parties, tailgating parties, business trips, and various other special events.  Chicago Bus Rentals has been working in the rental industry for many years. They are dedicated to serving all rental needs and requirements of their guests. The company provides a wide range of fleets such as charter buses, limousines, mini buses, coach buses and many more. The luxury vehicles maximize the fun and excitement of your trip and that too at highly affordable prices.</p>
<p>Chicago Bus Rentals is a full service <b><a href="~WRL0001.tmp">bus rental Chicago Suburbs</a></b> Company. It always goes an extra mile to make sure that the guests’ expectations are completely met. With their services, you will experience safe and secure traveling experience. The buses are completely filled with many amenities and some of these include touch screen controls, limo style leather seating, lightning, televisions, luggage space and lots more. These can be hired for important presentations and corporate meets. The extensive fleet of vehicles is sure to satisfy your needs for ample seating capacity and can serve all your transportation needs.</p>
<p>Their services are ideal for group travel for both small and large size groups. The experienced and trained drivers provide a great and safe travel experience. They are friendly and courteous and help guests with all of their special needs. They are also familiar with all the ways of Chicago and surrounding suburbs to offer guests a hassle-free trip.  You can call their customer care executives for any queries that you may have or to discuss your special plans. Their polite representatives answer all of your questions and provide excellent assistance as well. Trust on Chicago Bus Rentals for your transportation needs and you are sure to receive exceptional traveling services. For more details about their services and prices, please browse through their website <a href="http://www.chicagobusrentals.net">www.chicagobusrentals.net</a>.</p>
]]></content:encoded>
					
					<wfw:commentRss>https://busrentalinchicago.wordpress.com/2012/11/05/get-best-bus-rentals-services-at-chicagobusrentals-net/feed/</wfw:commentRss>
			<slash:comments>0</slash:comments>
		
		
		
		<media:content url="https://0.gravatar.com/avatar/0b612bd4bb3558192ebaf303973a3d04?s=96&#38;d=identicon&#38;r=G" medium="image">
			<media:title type="html">busrentalinchicago</media:title>
		</media:content>
	</item>
		<item>
		<title>Enhance Your Traveling Experience with Coach Bus Rental Chicago</title>
		<link>https://busrentalinchicago.wordpress.com/2012/11/03/enhance-your-traveling-experience-with-coach-bus-rental-chicago/</link>
					<comments>https://busrentalinchicago.wordpress.com/2012/11/03/enhance-your-traveling-experience-with-coach-bus-rental-chicago/#respond</comments>
		
		<dc:creator><![CDATA[busrentalinchicago]]></dc:creator>
		<pubDate>Sat, 03 Nov 2012 07:28:21 +0000</pubDate>
				<category><![CDATA[Car Rentals]]></category>
		<category><![CDATA[Chicago Coach Buses]]></category>
		<category><![CDATA[Coach Bus Rental Chicago]]></category>
		<category><![CDATA[Mini Bus Rental Chicago]]></category>
		<guid isPermaLink="false">http://busrentalinchicago.wordpress.com/?p=98</guid>

					<description><![CDATA[Renting luxury road transportation is a worthwhile option to consider. Coach buses offer you the relaxation and leisure while traveling in group altogether. They come with several astonishing features that make them an ideal choice when exploring the beautiful city of Chicago. Chicago is a beautiful city which is traveled by an increasing number of &#8230; &#8230; <a href="https://busrentalinchicago.wordpress.com/2012/11/03/enhance-your-traveling-experience-with-coach-bus-rental-chicago/">Continue reading <span class="meta-nav">&#8594;</span></a>]]></description>
										<content:encoded><![CDATA[<p>Renting luxury road transportation is a worthwhile option to consider. Coach buses offer you the relaxation and leisure while traveling in group altogether. They come with several astonishing features that make them an ideal choice when exploring the beautiful city of Chicago. Chicago is a beautiful city which is traveled by an increasing number of visitors each year. Many people visit Chicago for several different purposes, personal or professional.  Coach buses are suitable for all types of group travels whether small or large. It is important to search out for a reliable company to ensure that you can have a safe and hassle-free traveling experience. Chicago Bus Rentals is a reputed company dedicated to serving all needs of guests with style and luxury.</p>
<p><b><a href="http://www.chicagobusrentals.net/services/">Coach bus rental Chicago</a></b> provides you impeccable services. These are equipped with basic and modern amenities to help travelers in enjoying each moment of their trip. The mini bus coach bus has the seating capacity of 29-44 passengers while motor coach bus can carry 45-57 passengers. These spacious buses have enough space for storing luggage and thus you need not to hire other vehicle for carrying luggage. The affordable services of coach bus rentals allow your group members to enjoy the journey without worrying about the expenses. The cost of traveling per head is much lower as compared to other luxurious modes of transportation. These can be hired for family travels, corporate travels or for any other need.</p>
<p>The highly professional and friendly teams of professionals are always there to help you with all of your special needs and requirements of <b>coach bus rental Chicago</b> services. They guide you throughout the process, from attending your first call to the last moment of your journey. The exceptional customer service is offered by their professionals. Having been in the industry for many years, they also assist you in making more special event more grand and spectacular that every attendee would be going to remember for a long time. Please feel free to contact them for any travel assistance. To know more about their services, please browse through <b><a href="http://www.chicagobusrentals.net">www.chicagobusrentals.net</a>.</b></p>
]]></content:encoded>
					
					<wfw:commentRss>https://busrentalinchicago.wordpress.com/2012/11/03/enhance-your-traveling-experience-with-coach-bus-rental-chicago/feed/</wfw:commentRss>
			<slash:comments>0</slash:comments>
		
		
		
		<media:content url="https://0.gravatar.com/avatar/0b612bd4bb3558192ebaf303973a3d04?s=96&#38;d=identicon&#38;r=G" medium="image">
			<media:title type="html">busrentalinchicago</media:title>
		</media:content>
	</item>
		<item>
		<title>Chicago Bus Rentals Is a Prominent Provider of Party Bus in Chicago</title>
		<link>https://busrentalinchicago.wordpress.com/2012/10/26/chicago-bus-rentals-is-a-prominent-provider-of-party-bus-in-chicago/</link>
					<comments>https://busrentalinchicago.wordpress.com/2012/10/26/chicago-bus-rentals-is-a-prominent-provider-of-party-bus-in-chicago/#respond</comments>
		
		<dc:creator><![CDATA[busrentalinchicago]]></dc:creator>
		<pubDate>Fri, 26 Oct 2012 12:42:31 +0000</pubDate>
				<category><![CDATA[Car Rentals]]></category>
		<category><![CDATA[cheap party bus chicago]]></category>
		<category><![CDATA[cheap party bus rental chicago]]></category>
		<category><![CDATA[Party Bus in Chicago]]></category>
		<guid isPermaLink="false">http://busrentalinchicago.wordpress.com/?p=96</guid>

					<description><![CDATA[Everyone is busy in their routine hectic schedules and hardly find time for enjoying special moments with their near and dear ones. Most of us end up working pretty hard to get some time to spend with family or friends to enjoy or party altogether. Party bus rentals allow you to make those special events &#8230; &#8230; <a href="https://busrentalinchicago.wordpress.com/2012/10/26/chicago-bus-rentals-is-a-prominent-provider-of-party-bus-in-chicago/">Continue reading <span class="meta-nav">&#8594;</span></a>]]></description>
										<content:encoded><![CDATA[<p>Everyone is busy in their routine hectic schedules and hardly find time for enjoying special moments with their near and dear ones. Most of us end up working pretty hard to get some time to spend with family or friends to enjoy or party altogether. Party bus rentals allow you to make those special events even more special and grand. They help you to maintain party mood while changing between famous clubs and dinners. There are several things that you ought to consider before hiring a party bus in Chicago. Firstly, the bus rental company must be experienced in performing reliable services and guarantees utmost professionalism and high standard of services. Chicago Bus Rentals is a renowned company that helps guests to celebrate their special event in style.</p>
<p>The rental buses are all well furnished and equipped. Another excellent feature of their services is the friendly chauffeurs. They have a lot of experience in organizing such events and this help you to ensure that your event will also turn out to be a great one. When you are busy having fun along with your friends, the event will roll smoothly as their staff members dedicatedly work to provide the perfect partying experience. Their professional and experienced drivers drive you around and satisfy all your requirements.</p>
<p>There is also a huge sensory impact that party bus sweeps your guests off the floor. There are dancing poles, fully equipped bars, and everything to make your party a perfect one. Quality audio equipment such as DVD players and loud sounds create the perfect mood just as you want to. The interiors of the <b><a href="http://www.chicagobusrentals.net/rates/">party bus in Chicago</a></b> are also nicely decorated according to the theme of the party.</p>
<p>You can check out the detailed offering of their services at their website. You will get an insight about what you get and the equipment that can be used to make your party a successful one. You will experience the same services as promised. The quality of their services is just outstanding and no other bus charter company can match that. For more details, please browse through <b><a href="http://www.chicagobusrentals.net">www.chicagobusrentals.net</a></b></p>
]]></content:encoded>
					
					<wfw:commentRss>https://busrentalinchicago.wordpress.com/2012/10/26/chicago-bus-rentals-is-a-prominent-provider-of-party-bus-in-chicago/feed/</wfw:commentRss>
			<slash:comments>0</slash:comments>
		
		
		
		<media:content url="https://0.gravatar.com/avatar/0b612bd4bb3558192ebaf303973a3d04?s=96&#38;d=identicon&#38;r=G" medium="image">
			<media:title type="html">busrentalinchicago</media:title>
		</media:content>
	</item>
		<item>
		<title>Group Travels Can Be Stress-Less with Bus Rental Chicago</title>
		<link>https://busrentalinchicago.wordpress.com/2012/10/25/group-travels-can-be-stress-less-with-bus-rental-chicago/</link>
					<comments>https://busrentalinchicago.wordpress.com/2012/10/25/group-travels-can-be-stress-less-with-bus-rental-chicago/#respond</comments>
		
		<dc:creator><![CDATA[busrentalinchicago]]></dc:creator>
		<pubDate>Thu, 25 Oct 2012 13:28:18 +0000</pubDate>
				<category><![CDATA[Car Rentals]]></category>
		<category><![CDATA[Bus Rental Chicago]]></category>
		<category><![CDATA[Bus Rentals in Chicago]]></category>
		<category><![CDATA[Chicago Bus Rentals]]></category>
		<guid isPermaLink="false">http://busrentalinchicago.wordpress.com/?p=93</guid>

					<description><![CDATA[In Chicago, there are many bus rental companies out there and it is important that you should select a reliable and experienced provider of services for a comfortable and relaxing group travel. Chicago Bus Rentals is a leading company that takes pride in providing safe and hassle-free services to its clients. Client&#8217;s satisfaction is the &#8230; &#8230; <a href="https://busrentalinchicago.wordpress.com/2012/10/25/group-travels-can-be-stress-less-with-bus-rental-chicago/">Continue reading <span class="meta-nav">&#8594;</span></a>]]></description>
										<content:encoded><![CDATA[<p>In Chicago, there are many bus rental companies out there and it is important that you should select a reliable and experienced provider of services for a comfortable and relaxing group travel. Chicago Bus Rentals is a leading company that takes pride in providing safe and hassle-free services to its clients. Client&#8217;s satisfaction is the utmost priority and they utilize their years of experience to offer amazing traveling expedition. They are confident that you will experience the most memorable journey and will also recommend to the people you know. The company has received huge rave reviews from the clients for their remarkable bus rental Chicago services.</p>
<p>Quality, luxury and comfort combined with affordable prices make Chicago Bus Rentals the preferred choice among people of Chicago for their varying <b><a href="http://www.chicagobusrentals.net/">bus rental Chicago</a></b> needs. Whether you have a large group of friends or a small one, you can easily choose the specific vehicle from their impressive fleet of vehicles. They offer you plenty of options to choose the right type of bus and amenities that match your needs and budget. You can conveniently hire the bus for special events in style such as wedding, birthday party, bachelor party, corporate event and several more.</p>
<p>At Chicago Bus Rentals, they have the expertise and the equipment to meet all of your needs. The professional drivers are knowledgeable about Chicago and the surrounding areas. They are familiar with all routes and ways to your desired destination. The comfortable and luxurious charter buses have all amenities that you desire such as TVs, restrooms, comfortable leather seating and more. They also provide Chicago tours that will take you and your group to important destinations of the city. These are enjoyable as well as educational. You can choose the options for a luxury bus that let you move around with more convenience.</p>
<p>When you are looking for reliable provider of bus rentals, Chicago Bus Rentals should be at the top of your list. It is a complete and trusted source for all special needs and requirements in your special travel expedition. Learn more about their service, by browsing through <a href="http://www.chicagobusrentals.net">www.chicagobusrentals.net</a>.</p>
]]></content:encoded>
					
					<wfw:commentRss>https://busrentalinchicago.wordpress.com/2012/10/25/group-travels-can-be-stress-less-with-bus-rental-chicago/feed/</wfw:commentRss>
			<slash:comments>0</slash:comments>
		
		
		
		<media:content url="https://0.gravatar.com/avatar/0b612bd4bb3558192ebaf303973a3d04?s=96&#38;d=identicon&#38;r=G" medium="image">
			<media:title type="html">busrentalinchicago</media:title>
		</media:content>
	</item>
		<item>
		<title>Use Coach Bus Rental Chicago for Your Trip</title>
		<link>https://busrentalinchicago.wordpress.com/2012/09/22/use-coach-bus-rental-chicago-for-your-trip/</link>
					<comments>https://busrentalinchicago.wordpress.com/2012/09/22/use-coach-bus-rental-chicago-for-your-trip/#respond</comments>
		
		<dc:creator><![CDATA[busrentalinchicago]]></dc:creator>
		<pubDate>Sat, 22 Sep 2012 03:43:44 +0000</pubDate>
				<category><![CDATA[Car Rentals]]></category>
		<category><![CDATA[Chicago Coach Buses]]></category>
		<category><![CDATA[Coach Bus Rental Chicago]]></category>
		<category><![CDATA[Mini Bus Rental Chicago]]></category>
		<guid isPermaLink="false">http://busrentalinchicago.wordpress.com/?p=91</guid>

					<description><![CDATA[Chicago Bus Rentals is a leader in the field of offering the most reliable and efficient transportation services. They have a large fleet of buses that are suitable for almost every occasion and event. Events can range from bachelor parties, birthday parties, corporate events to weddings and others. Their services come with many benefits to &#8230; &#8230; <a href="https://busrentalinchicago.wordpress.com/2012/09/22/use-coach-bus-rental-chicago-for-your-trip/">Continue reading <span class="meta-nav">&#8594;</span></a>]]></description>
										<content:encoded><![CDATA[<p>Chicago Bus Rentals is a leader in the field of offering the most reliable and efficient transportation services. They have a large fleet of buses that are suitable for almost every occasion and event. Events can range from bachelor parties, birthday parties, corporate events to weddings and others. Their services come with many benefits to the travelers.  One of the foremost benefits is that you are saved from the hassle of driving. Of course, you can drive yourself to vacation spots but it will end up spending large amount on gas prices. Driving yourself is also a stressful situation in which you need to keep your eyes glued to the road. You cannot sit back with other group members and enjoy the outside beauties at the fullest. The best way to combat these issues is to utilize the best bus rental services offered by Chicago Bus Rentals at highly competitive prices.</p>
<p>With <strong><a href="http://www.chicagobusrentals.net/services/">coach bus rental Chicago</a></strong>, you can enjoy your family or corporate trip without any worries. The buses include comfortable seating, spacious areas, bar stocks, internet facilities and other facilities. You can also take up the bus services to enjoy beaches, or major attractions to explore art and culture of Chicago. The team at Chicago Bus Rentals works on the golden rule that treat people the way we would like to be treated. The company has earned a reputable name in the industry for their state-of-the-art services. They are dedicated to not only meeting customers’ satisfaction but exceeding their expectations. The needs of customers are not compromised at any level.</p>
<p>The convenience of hiring their services allows you to enjoy a pleasant traveling experience. Whether you are a company that requires commuting its employees or you require transportation services for personal needs, Chicago Bus Rentals offers you exactly the services that you require. Your needs are met by their commitment to your satisfaction by providing the highest quality bus rental services in Chicago. Over the years, the company has become the prime choice among people of Chicago for their varying traveling needs. For more details about <strong>coach bus rental Chicago</strong>, please <strong><a href="http://www.chicagobusrentals.net/">browse Here</a></strong>.</p>
]]></content:encoded>
					
					<wfw:commentRss>https://busrentalinchicago.wordpress.com/2012/09/22/use-coach-bus-rental-chicago-for-your-trip/feed/</wfw:commentRss>
			<slash:comments>0</slash:comments>
		
		
		
		<media:content url="https://0.gravatar.com/avatar/0b612bd4bb3558192ebaf303973a3d04?s=96&#38;d=identicon&#38;r=G" medium="image">
			<media:title type="html">busrentalinchicago</media:title>
		</media:content>
	</item>
		<item>
		<title>Chicago Bus Rentals Offers Highest Quality and Affordable Rental Services</title>
		<link>https://busrentalinchicago.wordpress.com/2012/09/21/chicago-bus-rentals-offers-highest-quality-and-affordable-rental-services/</link>
					<comments>https://busrentalinchicago.wordpress.com/2012/09/21/chicago-bus-rentals-offers-highest-quality-and-affordable-rental-services/#respond</comments>
		
		<dc:creator><![CDATA[busrentalinchicago]]></dc:creator>
		<pubDate>Fri, 21 Sep 2012 12:10:50 +0000</pubDate>
				<category><![CDATA[Automotive]]></category>
		<category><![CDATA[Car Rentals]]></category>
		<category><![CDATA[Bus Rental Chicago]]></category>
		<category><![CDATA[Bus Rentals in Chicago]]></category>
		<category><![CDATA[Chicago Bus Rentals]]></category>
		<guid isPermaLink="false">http://busrentalinchicago.wordpress.com/?p=88</guid>

					<description><![CDATA[Charter bus rentals are a good choice among people for group travel. Chicago is an expensive city and traveling via your own vehicle especially in large groups is not an affordable option. Also, driving your car over long distances is not a comfortable experience. Bus rental services allow you to hire the bus for any &#8230; &#8230; <a href="https://busrentalinchicago.wordpress.com/2012/09/21/chicago-bus-rentals-offers-highest-quality-and-affordable-rental-services/">Continue reading <span class="meta-nav">&#8594;</span></a>]]></description>
										<content:encoded><![CDATA[<p>Charter bus rentals are a good choice among people for group travel. Chicago is an expensive city and traveling via your own vehicle especially in large groups is not an affordable option. Also, driving your car over long distances is not a comfortable experience. Bus rental services allow you to hire the bus for any event or occasion and enjoy a great time with your group members. You should select an experienced bus charter company such as <strong>Chicago Bus Rentals</strong> for your rental needs. Hire their reliable services with great advantages. This bus rental company is based in Chicago with full services and goes beyond the standard bus rental services.</p>
<p>Their services allow you to enjoy the travel and reduce the anxiety and tension involved in group traveling. The luxury limousine buses come with limo style leather seating and have all facilities to make your event more grand and spectacular such as mini bar stocked with ice, bottled water and soda. If you want your party to be as memorable and cherished, hiring the bus rental services is just the best option. This company has a large fleet of comfortable vehicles that come with different seating capacities. You can choose the one that best suits the needs of your group travel. There are mini buses, vans, limousines, mini coach buses, motor coach buses and many other vehicles. These charter buses are equipped with lighting, televisions and sound systems along with other amenities. In short, they come with all comforts to make your traveling experience successful and comfortable.</p>
<p><strong><a href="http://www.chicagobusrentals.net/">Chicago Bus Rentals</a></strong> offers you unlimited packaged where you can select the ones that perfectly blends with your requirements. Whether you are looking for corporate travel or a family trip, they offer you the highest quality of services in the Chicago area along with affordable pricing to fit any budget. They are  5 star rated business and proud to offer the best bus rental services. This bus charter company is a total bus solution for all of your transportation needs. Feel free to contact them for any special needs. To know more, please browse<strong><a href="http://www.chicagobusrentals.net/"> here</a></strong>.</p>
]]></content:encoded>
					
					<wfw:commentRss>https://busrentalinchicago.wordpress.com/2012/09/21/chicago-bus-rentals-offers-highest-quality-and-affordable-rental-services/feed/</wfw:commentRss>
			<slash:comments>0</slash:comments>
		
		
		
		<media:content url="https://0.gravatar.com/avatar/0b612bd4bb3558192ebaf303973a3d04?s=96&#38;d=identicon&#38;r=G" medium="image">
			<media:title type="html">busrentalinchicago</media:title>
		</media:content>
	</item>
		<item>
		<title>Have Fun with Your Group Members with Convenient Bus Rentals in Chicago</title>
		<link>https://busrentalinchicago.wordpress.com/2012/09/20/have-fun-with-your-group-members-with-convenient-bus-rentals-in-chicago/</link>
					<comments>https://busrentalinchicago.wordpress.com/2012/09/20/have-fun-with-your-group-members-with-convenient-bus-rentals-in-chicago/#respond</comments>
		
		<dc:creator><![CDATA[busrentalinchicago]]></dc:creator>
		<pubDate>Thu, 20 Sep 2012 11:30:23 +0000</pubDate>
				<category><![CDATA[Car Rentals]]></category>
		<category><![CDATA[Bus Rental Chicago]]></category>
		<category><![CDATA[Bus Rentals in Chicago]]></category>
		<category><![CDATA[Chicago Bus Rentals]]></category>
		<guid isPermaLink="false">http://busrentalinchicago.wordpress.com/?p=85</guid>

					<description><![CDATA[It is a well known fact that gas prices are raising at a rapid pace and driving own vehicles for group travel is not an affordable option in an expensive city of Chicago. Hiring bus rentals in Chicago is a great way to save money without making any compromises with the luxury and style. The &#8230; &#8230; <a href="https://busrentalinchicago.wordpress.com/2012/09/20/have-fun-with-your-group-members-with-convenient-bus-rentals-in-chicago/">Continue reading <span class="meta-nav">&#8594;</span></a>]]></description>
										<content:encoded><![CDATA[<p>It is a well known fact that gas prices are raising at a rapid pace and driving own vehicles for group travel is not an affordable option in an expensive city of Chicago. Hiring <strong>bus rentals in Chicago</strong> is a great way to save money without making any compromises with the luxury and style. The primary purpose of these buses is to get guests all together to the venue safely and on time. These buses come with all facilities and amenities to make sure that you enjoy your journey at the fullest extent. If you are interested in availing bus rental services and want to get rid of all travel concerns, Chicago Bus Rentals is the best choice. It is one stop convenient destination for ensuring safe and reliable journey at competitive prices. The company can organize bus rentals for use in any destination all across Chicago.</p>
<p>The members at Chicago Bus Rentals are dedicated to providing safe, reliable and cost effective <strong><a href="http://www.chicagobusrentals.net/">bus rentals in Chicago</a></strong> to the clients. They ensure that your group traveling is free from all typical travel worries and you can enjoy the ride with your group members. Their services results in reducing the overall transportation costs while traveling in groups and also leads to better coordination. The company always believes in business ethics and involves no hidden costs in the process. It has been appreciated for its competitive pricing and efficient services offered to the customers. Their excellent charter bus transportation services include travel to and from airports, visits to business conventions, hotels, sports events, academic events and more. The dependable services can also be utilized for celebrating special events like festivals, weddings and other parties.</p>
<p>Coach buses offered by Chicago Bus Rentals are also used for celebrating special occasions. Party buses fetch guests from their homes or a convenient spot and take them to the venue. It provides a variety of services to meet all needs of customers whether they require mini buses for short distances, limos for a luxurious travel or charter buses for long trips. The qualified, experienced and seasoned drivers are there for driving their fleet of vehicles that include charter buses, minibuses, vans and others. For more details, please browse through <a href="http://www.chicagobusrentals.net">www.chicagobusrentals.net</a>.</p>
]]></content:encoded>
					
					<wfw:commentRss>https://busrentalinchicago.wordpress.com/2012/09/20/have-fun-with-your-group-members-with-convenient-bus-rentals-in-chicago/feed/</wfw:commentRss>
			<slash:comments>0</slash:comments>
		
		
		
		<media:content url="https://0.gravatar.com/avatar/0b612bd4bb3558192ebaf303973a3d04?s=96&#38;d=identicon&#38;r=G" medium="image">
			<media:title type="html">busrentalinchicago</media:title>
		</media:content>
	</item>
		<item>
		<title>Party Bus in Chicago – A Luxurious Option to Take Your Party to Next Level</title>
		<link>https://busrentalinchicago.wordpress.com/2012/09/15/party-bus-in-chicago-a-luxurious-option-to-take-your-party-to-next-level/</link>
					<comments>https://busrentalinchicago.wordpress.com/2012/09/15/party-bus-in-chicago-a-luxurious-option-to-take-your-party-to-next-level/#respond</comments>
		
		<dc:creator><![CDATA[busrentalinchicago]]></dc:creator>
		<pubDate>Sat, 15 Sep 2012 11:21:49 +0000</pubDate>
				<category><![CDATA[Car Rentals]]></category>
		<category><![CDATA[Party Bus in Chicago]]></category>
		<guid isPermaLink="false">http://busrentalinchicago.wordpress.com/?p=83</guid>

					<description><![CDATA[If you are looking for celebrating your party or special event in style and comfort, party bus in Chicago is the right choice. You can take advantage of several party bus rentals available in Chicago instead of driving all over the city. Chicago Bus Rentals is the foremost choice for party bus rentals among people &#8230; &#8230; <a href="https://busrentalinchicago.wordpress.com/2012/09/15/party-bus-in-chicago-a-luxurious-option-to-take-your-party-to-next-level/">Continue reading <span class="meta-nav">&#8594;</span></a>]]></description>
										<content:encoded><![CDATA[<p>If you are looking for celebrating your party or special event in style and comfort, party bus in Chicago is the right choice. You can take advantage of several party bus rentals available in Chicago instead of driving all over the city. Chicago Bus Rentals is the foremost choice for party bus rentals among people of Chicago and the surrounding areas. With party bus rentals, you can have the perfect vehicle for your special occasion and no one has to worry about drinking and driving. You can save a lot of money on gas, avoid parking hassles and just enjoy the ride with your family or friends. Party buses are just an ideal way of celebrating your day with your friends in a luxurious and stylish way. Regardless of the type of party you are having, like bachelor, weddings, bachelorette or corporate events, Chicago Bus Rentals has the perfect vehicles for all of your needs.</p>
<p>With reliable bus charter services of Chicago Bus Rentals, all you need to do is to just sit back, and enjoy your trip at the fullest extent. You have the spectacular vehicle along with a complete line of amenities. The professional drivers are familiar with all the ways and roads and you need not to worry about traffics and parking problems. When you have done a bit of planning about bachelor or bachelorette parties, you and your guests will arrive in style in <strong><a href="http://www.chicagobusrentals.net/rates/">party bus in Chicago</a></strong>. You can take party buses to different destinations all around the city. The party buses are equipped to carry large number of people and have extensive storage capacities as well. This makes your event easy to get to and hassle-free.</p>
<p>Along with providing the services of party bus rentals, Chicago Bus Rentals also provide you with referrals to other businesses and suggestions on where to dine or go out on the town with your group. The services are available for corporate events as well and help you to create the perfect impression for all corporate clients with stylish limousines. To know more, please browse through <a href="http://www.chicagobusrentals.net">www.chicagobusrentals.net</a>.</p>
]]></content:encoded>
					
					<wfw:commentRss>https://busrentalinchicago.wordpress.com/2012/09/15/party-bus-in-chicago-a-luxurious-option-to-take-your-party-to-next-level/feed/</wfw:commentRss>
			<slash:comments>0</slash:comments>
		
		
		
		<media:content url="https://0.gravatar.com/avatar/0b612bd4bb3558192ebaf303973a3d04?s=96&#38;d=identicon&#38;r=G" medium="image">
			<media:title type="html">busrentalinchicago</media:title>
		</media:content>
	</item>
		<item>
		<title>Chicago Bus Rentals Offers Premier Chicago Party Bus Rental Services</title>
		<link>https://busrentalinchicago.wordpress.com/2012/09/12/chicago-bus-rentals-offers-premier-chicago-party-bus-rental-services/</link>
					<comments>https://busrentalinchicago.wordpress.com/2012/09/12/chicago-bus-rentals-offers-premier-chicago-party-bus-rental-services/#respond</comments>
		
		<dc:creator><![CDATA[busrentalinchicago]]></dc:creator>
		<pubDate>Wed, 12 Sep 2012 11:53:34 +0000</pubDate>
				<category><![CDATA[Uncategorized]]></category>
		<category><![CDATA[Chicago Bus Rentals]]></category>
		<category><![CDATA[chicago party bus rental]]></category>
		<guid isPermaLink="false">http://busrentalinchicago.wordpress.com/2012/09/12/chicago-bus-rentals-offers-premier-chicago-party-bus-rental-services/</guid>

					<description><![CDATA[Chicago Bus Rentals is a leading party bus rental in Chicago that offers the most efficient transportation services to the guests. The company has the experience and the expertise to make any event more special with luxurious transportation. Chicago Bus Rentals has a large fleet that includes vans, mini buses, coach buses, party buses, limousines &#8230; &#8230; <a href="https://busrentalinchicago.wordpress.com/2012/09/12/chicago-bus-rentals-offers-premier-chicago-party-bus-rental-services/">Continue reading <span class="meta-nav">&#8594;</span></a>]]></description>
										<content:encoded><![CDATA[<p>Chicago Bus Rentals is a leading party bus rental in Chicago that offers the most efficient transportation services to the guests. The company has the experience and the expertise to make any event more special with luxurious transportation. Chicago Bus Rentals has a large fleet that includes vans, mini buses, coach buses, party buses, limousines and many others. Their extensive range of vehicles is sure to satisfy all needs of their customers. Whether you are looking for a party bus for young party goers or for a bus that is suitable for corporate events, Chicago Bus Rentals has everything for every occasion. Their impressive fleet of vehicles is suitable for virtually any event.</p>
<p>Located in Greater Chicago land area, the company serves Chicago and the surrounding areas. Their buses are driven by trained and experienced drivers that know you to drive safe, comfortably and get you and your group members reach on time to the desired destination. They offer you plenty of options to choose whatever suits your requirements the most. You can depend on their reliable Chicago party bus rental services while planning for wedding parties. The extravagant limo party bus wedding transportation service will not burn a hole in your pocket and ensures to create the wow factor to your special event. All of your transportation needs are met by their commitment to your satisfaction.</p>
<p>Whether you want to celebrate birthday parties, bachelor parties, homecoming and prom or other special occasions, Chicago Bus Rentals is just the right choice. Their dedicated teams of professionals are always there to make your special event memorable for years to come. The limousine party buses include laser lights, amazing sound systems along with a variety of party package options and special offers. With <strong><a href="http://www.chicagobusrentals.net/special-events/">Chicago party bus rental</a></strong>, you can be assured to comfort, luxury, style and ambience and that too at the lowest prices. They strive to provide the highest quality Charter Bus Rental Chicago. They also help you with your special needs and requirements. Feel free to contact them for any queries or for making advance booking. To know more, please browse through <a href="http://www.chicagobusrentals.net/">www.chicagobusrentals.net</a>.</p>
]]></content:encoded>
					
					<wfw:commentRss>https://busrentalinchicago.wordpress.com/2012/09/12/chicago-bus-rentals-offers-premier-chicago-party-bus-rental-services/feed/</wfw:commentRss>
			<slash:comments>0</slash:comments>
		
		
		
		<media:content url="https://0.gravatar.com/avatar/0b612bd4bb3558192ebaf303973a3d04?s=96&#38;d=identicon&#38;r=G" medium="image">
			<media:title type="html">busrentalinchicago</media:title>
		</media:content>
	</item>
	</channel>
</rss>